The target system is: Linux - 1 - armv7-a
The host system is: Linux - 3.8.0-21-generic - x86_64
Performing C++ SOURCE FILE Test ARMA_HAVE_STD_ISFINITE succeded with the following output:
Change Dir: /home/martin/src/crystal_explorer/jni/armadillo-3.900.2/build/CMakeFiles/CMakeTmp

Run Build Command:/usr/bin/make "cmTryCompileExec925740675/fast"
/usr/bin/make -f CMakeFiles/cmTryCompileExec925740675.dir/build.make CMakeFiles/cmTryCompileExec925740675.dir/build
make[1]: Entering directory `/home/martin/src/crystal_explorer/jni/armadillo-3.900.2/build/CMakeFiles/CMakeTmp'
/usr/bin/cmake -E cmake_progress_report /home/martin/src/crystal_explorer/jni/armadillo-3.900.2/build/CMakeFiles/CMakeTmp/CMakeFiles 1
Building CXX object CMakeFiles/cmTryCompileExec925740675.dir/src.cxx.o
/home/martin/dev/android-toolchain/bin/arm-linux-androideabi-g++   -DANDROID -D__ARM_ARCH_5E__ -D__ARM_ARCH_5TE__ -D__ARM_ARCH_5T__ -D__ARM_ARCH_5__ --sysroot=/home/martin/dev/android-toolchain/sysroot -fsigned-char -march=armv7-a -mfloat-abi=softfp -mfpu=vfp -fdata-sections -ffunction-sections -fPIC -Wno-psabi -frtti -fexceptions  -DARMA_HAVE_STD_ISFINITE -isystem /home/martin/dev/android-toolchain/sysroot/usr/include    -o CMakeFiles/cmTryCompileExec925740675.dir/src.cxx.o -c /home/martin/src/crystal_explorer/jni/armadillo-3.900.2/build/CMakeFiles/CMakeTmp/src.cxx
Linking CXX executable cmTryCompileExec925740675
/usr/bin/cmake -E cmake_link_script CMakeFiles/cmTryCompileExec925740675.dir/link.txt --verbose=1
/home/martin/dev/android-toolchain/bin/arm-linux-androideabi-g++    --sysroot=/home/martin/dev/android-toolchain/sysroot -fsigned-char -march=armv7-a -mfloat-abi=softfp -mfpu=vfp -fdata-sections -ffunction-sections -fPIC -Wno-psabi -frtti -fexceptions  -DARMA_HAVE_STD_ISFINITE  -Wl,--fix-cortex-a8 -Wl,--gc-sections -Wl,--no-undefined  -Wl,-z,nocopyreloc CMakeFiles/cmTryCompileExec925740675.dir/src.cxx.o  -o cmTryCompileExec925740675  -L/home/martin/dev/android-toolchain/user/libs/armeabi-v7a  -L/home/martin/src/crystal_explorer/jni/armadillo-3.900.2/build/CMakeFiles/ndklibs/armeabi-v7a -rdynamic 
make[1]: Leaving directory `/home/martin/src/crystal_explorer/jni/armadillo-3.900.2/build/CMakeFiles/CMakeTmp'

Source file was:

#include <cmath>

int main()
  {
  #if !defined(isfinite)
    int i = (std::isfinite)(1.0);
  #endif
  return 0;
  }

Performing C++ SOURCE FILE Test ARMA_HAVE_STD_ISINF succeded with the following output:
Change Dir: /home/martin/src/crystal_explorer/jni/armadillo-3.900.2/build/CMakeFiles/CMakeTmp

Run Build Command:/usr/bin/make "cmTryCompileExec1296383633/fast"
/usr/bin/make -f CMakeFiles/cmTryCompileExec1296383633.dir/build.make CMakeFiles/cmTryCompileExec1296383633.dir/build
make[1]: Entering directory `/home/martin/src/crystal_explorer/jni/armadillo-3.900.2/build/CMakeFiles/CMakeTmp'
/usr/bin/cmake -E cmake_progress_report /home/martin/src/crystal_explorer/jni/armadillo-3.900.2/build/CMakeFiles/CMakeTmp/CMakeFiles 1
Building CXX object CMakeFiles/cmTryCompileExec1296383633.dir/src.cxx.o
/home/martin/dev/android-toolchain/bin/arm-linux-androideabi-g++   -DANDROID -D__ARM_ARCH_5E__ -D__ARM_ARCH_5TE__ -D__ARM_ARCH_5T__ -D__ARM_ARCH_5__ --sysroot=/home/martin/dev/android-toolchain/sysroot -fsigned-char -march=armv7-a -mfloat-abi=softfp -mfpu=vfp -fdata-sections -ffunction-sections -fPIC -Wno-psabi -frtti -fexceptions  -DARMA_HAVE_STD_ISINF -isystem /home/martin/dev/android-toolchain/sysroot/usr/include    -o CMakeFiles/cmTryCompileExec1296383633.dir/src.cxx.o -c /home/martin/src/crystal_explorer/jni/armadillo-3.900.2/build/CMakeFiles/CMakeTmp/src.cxx
Linking CXX executable cmTryCompileExec1296383633
/usr/bin/cmake -E cmake_link_script CMakeFiles/cmTryCompileExec1296383633.dir/link.txt --verbose=1
/home/martin/dev/android-toolchain/bin/arm-linux-androideabi-g++    --sysroot=/home/martin/dev/android-toolchain/sysroot -fsigned-char -march=armv7-a -mfloat-abi=softfp -mfpu=vfp -fdata-sections -ffunction-sections -fPIC -Wno-psabi -frtti -fexceptions  -DARMA_HAVE_STD_ISINF  -Wl,--fix-cortex-a8 -Wl,--gc-sections -Wl,--no-undefined  -Wl,-z,nocopyreloc CMakeFiles/cmTryCompileExec1296383633.dir/src.cxx.o  -o cmTryCompileExec1296383633  -L/home/martin/dev/android-toolchain/user/libs/armeabi-v7a  -L/home/martin/src/crystal_explorer/jni/armadillo-3.900.2/build/CMakeFiles/ndklibs/armeabi-v7a -rdynamic 
make[1]: Leaving directory `/home/martin/src/crystal_explorer/jni/armadillo-3.900.2/build/CMakeFiles/CMakeTmp'

Source file was:

#include <cmath>

int main()
  {
  #if !defined(isinf)
    int i = (std::isinf)(1.0);
  #endif
  return 0;
  }

Performing C++ SOURCE FILE Test ARMA_HAVE_STD_ISNAN succeded with the following output:
Change Dir: /home/martin/src/crystal_explorer/jni/armadillo-3.900.2/build/CMakeFiles/CMakeTmp

Run Build Command:/usr/bin/make "cmTryCompileExec2305151176/fast"
/usr/bin/make -f CMakeFiles/cmTryCompileExec2305151176.dir/build.make CMakeFiles/cmTryCompileExec2305151176.dir/build
make[1]: Entering directory `/home/martin/src/crystal_explorer/jni/armadillo-3.900.2/build/CMakeFiles/CMakeTmp'
/usr/bin/cmake -E cmake_progress_report /home/martin/src/crystal_explorer/jni/armadillo-3.900.2/build/CMakeFiles/CMakeTmp/CMakeFiles 1
Building CXX object CMakeFiles/cmTryCompileExec2305151176.dir/src.cxx.o
/home/martin/dev/android-toolchain/bin/arm-linux-androideabi-g++   -DANDROID -D__ARM_ARCH_5E__ -D__ARM_ARCH_5TE__ -D__ARM_ARCH_5T__ -D__ARM_ARCH_5__ --sysroot=/home/martin/dev/android-toolchain/sysroot -fsigned-char -march=armv7-a -mfloat-abi=softfp -mfpu=vfp -fdata-sections -ffunction-sections -fPIC -Wno-psabi -frtti -fexceptions  -DARMA_HAVE_STD_ISNAN -isystem /home/martin/dev/android-toolchain/sysroot/usr/include    -o CMakeFiles/cmTryCompileExec2305151176.dir/src.cxx.o -c /home/martin/src/crystal_explorer/jni/armadillo-3.900.2/build/CMakeFiles/CMakeTmp/src.cxx
Linking CXX executable cmTryCompileExec2305151176
/usr/bin/cmake -E cmake_link_script CMakeFiles/cmTryCompileExec2305151176.dir/link.txt --verbose=1
/home/martin/dev/android-toolchain/bin/arm-linux-androideabi-g++    --sysroot=/home/martin/dev/android-toolchain/sysroot -fsigned-char -march=armv7-a -mfloat-abi=softfp -mfpu=vfp -fdata-sections -ffunction-sections -fPIC -Wno-psabi -frtti -fexceptions  -DARMA_HAVE_STD_ISNAN  -Wl,--fix-cortex-a8 -Wl,--gc-sections -Wl,--no-undefined  -Wl,-z,nocopyreloc CMakeFiles/cmTryCompileExec2305151176.dir/src.cxx.o  -o cmTryCompileExec2305151176  -L/home/martin/dev/android-toolchain/user/libs/armeabi-v7a  -L/home/martin/src/crystal_explorer/jni/armadillo-3.900.2/build/CMakeFiles/ndklibs/armeabi-v7a -rdynamic 
make[1]: Leaving directory `/home/martin/src/crystal_explorer/jni/armadillo-3.900.2/build/CMakeFiles/CMakeTmp'

Source file was:

#include <cmath>

int main()
  {
  #if !defined(isnan)
    int i = (std::isnan)(1.0);
  #endif
  return 0;
  }

Performing C++ SOURCE FILE Test ARMA_HAVE_LOG1P succeded with the following output:
Change Dir: /home/martin/src/crystal_explorer/jni/armadillo-3.900.2/build/CMakeFiles/CMakeTmp

Run Build Command:/usr/bin/make "cmTryCompileExec1730335477/fast"
/usr/bin/make -f CMakeFiles/cmTryCompileExec1730335477.dir/build.make CMakeFiles/cmTryCompileExec1730335477.dir/build
make[1]: Entering directory `/home/martin/src/crystal_explorer/jni/armadillo-3.900.2/build/CMakeFiles/CMakeTmp'
/usr/bin/cmake -E cmake_progress_report /home/martin/src/crystal_explorer/jni/armadillo-3.900.2/build/CMakeFiles/CMakeTmp/CMakeFiles 1
Building CXX object CMakeFiles/cmTryCompileExec1730335477.dir/src.cxx.o
/home/martin/dev/android-toolchain/bin/arm-linux-androideabi-g++   -DANDROID -D__ARM_ARCH_5E__ -D__ARM_ARCH_5TE__ -D__ARM_ARCH_5T__ -D__ARM_ARCH_5__ --sysroot=/home/martin/dev/android-toolchain/sysroot -fsigned-char -march=armv7-a -mfloat-abi=softfp -mfpu=vfp -fdata-sections -ffunction-sections -fPIC -Wno-psabi -frtti -fexceptions  -DARMA_HAVE_LOG1P -isystem /home/martin/dev/android-toolchain/sysroot/usr/include    -o CMakeFiles/cmTryCompileExec1730335477.dir/src.cxx.o -c /home/martin/src/crystal_explorer/jni/armadillo-3.900.2/build/CMakeFiles/CMakeTmp/src.cxx
Linking CXX executable cmTryCompileExec1730335477
/usr/bin/cmake -E cmake_link_script CMakeFiles/cmTryCompileExec1730335477.dir/link.txt --verbose=1
/home/martin/dev/android-toolchain/bin/arm-linux-androideabi-g++    --sysroot=/home/martin/dev/android-toolchain/sysroot -fsigned-char -march=armv7-a -mfloat-abi=softfp -mfpu=vfp -fdata-sections -ffunction-sections -fPIC -Wno-psabi -frtti -fexceptions  -DARMA_HAVE_LOG1P  -Wl,--fix-cortex-a8 -Wl,--gc-sections -Wl,--no-undefined  -Wl,-z,nocopyreloc CMakeFiles/cmTryCompileExec1730335477.dir/src.cxx.o  -o cmTryCompileExec1730335477  -L/home/martin/dev/android-toolchain/user/libs/armeabi-v7a  -L/home/martin/src/crystal_explorer/jni/armadillo-3.900.2/build/CMakeFiles/ndklibs/armeabi-v7a -rdynamic 
make[1]: Leaving directory `/home/martin/src/crystal_explorer/jni/armadillo-3.900.2/build/CMakeFiles/CMakeTmp'

Source file was:

#include <cmath>

int main()
  {
  #if !defined(log1p)
    int i = (::log1p)(1.0);
  #endif
  return 0;
  }

Performing C++ SOURCE FILE Test ARMA_HAVE_GETTIMEOFDAY succeded with the following output:
Change Dir: /home/martin/src/crystal_explorer/jni/armadillo-3.900.2/build/CMakeFiles/CMakeTmp

Run Build Command:/usr/bin/make "cmTryCompileExec1247108935/fast"
/usr/bin/make -f CMakeFiles/cmTryCompileExec1247108935.dir/build.make CMakeFiles/cmTryCompileExec1247108935.dir/build
make[1]: Entering directory `/home/martin/src/crystal_explorer/jni/armadillo-3.900.2/build/CMakeFiles/CMakeTmp'
/usr/bin/cmake -E cmake_progress_report /home/martin/src/crystal_explorer/jni/armadillo-3.900.2/build/CMakeFiles/CMakeTmp/CMakeFiles 1
Building CXX object CMakeFiles/cmTryCompileExec1247108935.dir/src.cxx.o
/home/martin/dev/android-toolchain/bin/arm-linux-androideabi-g++   -DANDROID -D__ARM_ARCH_5E__ -D__ARM_ARCH_5TE__ -D__ARM_ARCH_5T__ -D__ARM_ARCH_5__ --sysroot=/home/martin/dev/android-toolchain/sysroot -fsigned-char -march=armv7-a -mfloat-abi=softfp -mfpu=vfp -fdata-sections -ffunction-sections -fPIC -Wno-psabi -frtti -fexceptions  -DARMA_HAVE_GETTIMEOFDAY -isystem /home/martin/dev/android-toolchain/sysroot/usr/include    -o CMakeFiles/cmTryCompileExec1247108935.dir/src.cxx.o -c /home/martin/src/crystal_explorer/jni/armadillo-3.900.2/build/CMakeFiles/CMakeTmp/src.cxx
Linking CXX executable cmTryCompileExec1247108935
/usr/bin/cmake -E cmake_link_script CMakeFiles/cmTryCompileExec1247108935.dir/link.txt --verbose=1
/home/martin/dev/android-toolchain/bin/arm-linux-androideabi-g++    --sysroot=/home/martin/dev/android-toolchain/sysroot -fsigned-char -march=armv7-a -mfloat-abi=softfp -mfpu=vfp -fdata-sections -ffunction-sections -fPIC -Wno-psabi -frtti -fexceptions  -DARMA_HAVE_GETTIMEOFDAY  -Wl,--fix-cortex-a8 -Wl,--gc-sections -Wl,--no-undefined  -Wl,-z,nocopyreloc CMakeFiles/cmTryCompileExec1247108935.dir/src.cxx.o  -o cmTryCompileExec1247108935  -L/home/martin/dev/android-toolchain/user/libs/armeabi-v7a  -L/home/martin/src/crystal_explorer/jni/armadillo-3.900.2/build/CMakeFiles/ndklibs/armeabi-v7a -rdynamic 
make[1]: Leaving directory `/home/martin/src/crystal_explorer/jni/armadillo-3.900.2/build/CMakeFiles/CMakeTmp'

Source file was:

#include <sys/time.h>

int
main()
  {
  #if !defined(gettimeofday)
    int i = sizeof(&(::gettimeofday));
  #endif
  return 0;
  }

